<?xml version="1.0" encoding="UTF-8"?>
<!-- Generated by org.testng.reporters.JUnitReportReporter -->
<testsuite hostname="DESKTOP-N9C0MGU" failures="0" tests="2" name="RunnerFB.FbRunner" time="20.135" errors="0" timestamp="2025-02-19T17:37:04 IST" skipped="0">
  <testcase classname="RunnerFB.FbRunner" name="runScenario" time="7.696"/>
  <system-out/>
  <testcase classname="RunnerFB.FbRunner" name="runScenario" time="12.439"/>
  <system-out/>
</testsuite> <!-- RunnerFB.FbRunner -->
